<?xml version="1.0" encoding="UTF-8"?>
<!-- Generated by org.testng.reporters.JUnitXMLReporter -->
<testsuite hostname="DESKTOP-8MPQ5J1" ignored="0" name="HMSREsults" tests="1" failures="0" timestamp="15 Jul 2019 06:07:57 GMT" time="0.291" errors="0">
  <testcase name="@BeforeTest beforeTest" time="0.0" classname="Webdriver.HMSRegistration">
    <failure type="java.lang.IllegalStateException" message="The driver executable does not exist: D:\Testing\Workspace\Spicejet\.\Lib\ChromeDriver\chromedriver.exe">
      <![CDATA[java.lang.IllegalStateException: The driver executable does not exist: D:\Testing\Workspace\Spicejet\.\Lib\ChromeDriver\chromedriver.exe
	at com.google.common.base.Preconditions.checkState(Preconditions.java:585)
	at org.openqa.selenium.remote.service.DriverService.checkExecutable(DriverService.java:137)
	at org.openqa.selenium.remote.service.DriverService.findExecutable(DriverService.java:132)
	at org.openqa.selenium.chrome.ChromeDriverService.access$000(ChromeDriverService.java:35)
	at org.openqa.selenium.chrome.ChromeDriverService$Builder.findDefaultExecutable(ChromeDriverService.java:156)
	at org.openqa.selenium.remote.service.DriverService$Builder.build(DriverService.java:346)
	at org.openqa.selenium.chrome.ChromeDriverService.createDefaultService(ChromeDriverService.java:91)
	at org.openqa.selenium.chrome.ChromeDriver.<init>(ChromeDriver.java:123)
	at Webdriver.HMSRegistration.beforeTest(HMSRegistration.java:25)
... Removed 26 stack frames]]>
    </failure>
  </testcase> <!-- @BeforeTest beforeTest -->
  <testcase name="@AfterTest afterTest" time="0.0" classname="Webdriver.HMSRegistration">
    <skipped/>
  </testcase> <!-- @AfterTest afterTest -->
  <testcase name="Test" time="0.003" classname="Webdriver.HMSRegistration">
    <skipped/>
  </testcase> <!-- Test -->
</testsuite> <!-- HMSREsults -->
